<?xml version="1.0" encoding="UTF-8"?>
<!-- Generated by org.testng.reporters.JUnitReportReporter -->
<testsuite skipped="1" hostname="TECH-LP-372" name="com.techaspect.framework.testcases.HomePageTest" tests="5" failures="0" timestamp="31 Aug 2018 10:12:05 GMT" time="166.995" errors="0">
  <testcase name="testSocialShareLinks" time="88.706" classname="com.techaspect.framework.testcases.HomePageTest"/>
  <testcase name="testSocialShareLinks" time="27.029" classname="com.techaspect.framework.testcases.HomePageTest"/>
  <testcase name="testSocialShareLinks" time="5.214" classname="com.techaspect.framework.testcases.HomePageTest">
    <skipped/>
  </testcase> <!-- testSocialShareLinks -->
  <testcase name="testLogo" time="30.863" classname="com.techaspect.framework.testcases.HomePageTest"/>
  <testcase name="testSocialShareLinks" time="15.183" classname="com.techaspect.framework.testcases.HomePageTest"/>
</testsuite> <!-- com.techaspect.framework.testcases.HomePageTest -->
