<?xml version="1.0" encoding="UTF-8"?>
<!-- Generated by org.testng.reporters.JUnitReportReporter -->
<testsuite skipped="5" hostname="TECH-LP-372" name="com.techaspect.framework.testcases.HomePageTest" tests="8" failures="1" timestamp="28 Aug 2018 07:11:22 GMT" time="164.628" errors="0">
  <testcase name="testLogo" time="10.779" classname="com.techaspect.framework.testcases.HomePageTest"/>
  <testcase name="testSocialShareLinks" time="13.351" classname="com.techaspect.framework.testcases.HomePageTest"/>
  <testcase name="testSocialShareLinks" time="4.583" classname="com.techaspect.framework.testcases.HomePageTest">
    <skipped/>
  </testcase> <!-- testSocialShareLinks -->
  <testcase name="testSocialShareLinks" time="63.798" classname="com.techaspect.framework.testcases.HomePageTest">
    <failure type="java.lang.AssertionError" message="expected [Home Centre India - Home] but found [Home Centre India - Home | Facebook]">
      <![CDATA[java.lang.AssertionError: expected [Home Centre India - Home] but found [Home Centre India - Home | Facebook]
	at org.testng.Assert.fail(Assert.java:93)
	at org.testng.Assert.failNotEquals(Assert.java:512)
	at org.testng.Assert.assertEqualsImpl(Assert.java:134)
	at org.testng.Assert.assertEquals(Assert.java:115)
	at org.testng.Assert.assertEquals(Assert.java:189)
	at org.testng.Assert.assertEquals(Assert.java:199)
	at com.techaspect.framework.testcases.HomePageTest.testSocialShareLinks(HomePageTest.java:38)
	at sun.reflect.NativeMethodAccessorImpl.invoke0(Native Method)
	at sun.reflect.NativeMethodAccessorImpl.invoke(NativeMethodAccessorImpl.java:62)
	at sun.reflect.DelegatingMethodAccessorImpl.invoke(DelegatingMethodAccessorImpl.java:43)
	at java.lang.reflect.Method.invoke(Method.java:498)
	at org.testng.internal.MethodInvocationHelper.invokeMethod(MethodInvocationHelper.java:108)
	at org.testng.internal.Invoker.invokeMethod(Invoker.java:661)
	at org.testng.internal.Invoker.retryFailed(Invoker.java:1014)
	at org.testng.internal.Invoker.invokeTestMethods(Invoker.java:1215)
	at org.testng.internal.TestMethodWorker.invokeTestMethods(TestMethodWorker.java:126)
	at org.testng.internal.TestMethodWorker.run(TestMethodWorker.java:109)
	at java.util.concurrent.ThreadPoolExecutor.runWorker(ThreadPoolExecutor.java:1142)
	at java.util.concurrent.ThreadPoolExecutor$Worker.run(ThreadPoolExecutor.java:617)
	at java.lang.Thread.run(Thread.java:745)
]]>
    </failure>
  </testcase> <!-- testSocialShareLinks -->
  <testcase name="testSocialShareLinks" time="57.699" classname="com.techaspect.framework.testcases.HomePageTest">
    <skipped/>
  </testcase> <!-- testSocialShareLinks -->
  <testcase name="testSocialShareLinks" time="4.869" classname="com.techaspect.framework.testcases.HomePageTest">
    <skipped/>
  </testcase> <!-- testSocialShareLinks -->
  <testcase name="testSocialShareLinks" time="4.947" classname="com.techaspect.framework.testcases.HomePageTest">
    <skipped/>
  </testcase> <!-- testSocialShareLinks -->
  <testcase name="testSocialShareLinks" time="4.602" classname="com.techaspect.framework.testcases.HomePageTest">
    <skipped/>
  </testcase> <!-- testSocialShareLinks -->
</testsuite> <!-- com.techaspect.framework.testcases.HomePageTest -->
